<?xml version="1.0" encoding="UTF-8"?>
<!-- Generated by org.testng.reporters.JUnitXMLReporter -->
<testsuite ignored="0" hostname="INBook_X1" failures="0" tests="6" name="chrome-1" time="4.241" errors="0" timestamp="2023-01-11T11:27:24 IST">
  <testcase classname="Practice3_Package.SampleTestforBatchExecTest3" name="test7" time="0.01"/>
  <testcase classname="Practice3_Package.SampleTestforBatchExecTest3" name="test8" time="0.001"/>
  <testcase classname="Practice3_Package.SampleTestforBatchExecTest3" name="test9" time="0.001"/>
  <testcase classname="Practice3_Package.SampleTestForBatchExecTest" name="test1" time="0.001"/>
  <testcase classname="Practice3_Package.SampleTestForBatchExecTest" name="test2" time="0.002"/>
  <testcase classname="Practice3_Package.SampleTestForBatchExecTest" name="test3" time="0.002"/>
</testsuite> <!-- chrome-1 -->
