<?xml version="1.0" encoding="UTF-8"?>
<!-- Generated by org.testng.reporters.JUnitXMLReporter -->
<testsuite ignored="0" hostname="INBook_X1" failures="0" tests="3" name="testrunner2" time="2.144" errors="0" timestamp="2023-01-11T11:28:26 IST">
  <testcase classname="Practice3_Package.SampleTestForBatchExecTest" name="test1" time="0.001"/>
  <testcase classname="Practice3_Package.SampleTestForBatchExecTest" name="test2" time="0.002"/>
  <testcase classname="Practice3_Package.SampleTestForBatchExecTest" name="test3" time="0.001"/>
</testsuite> <!-- testrunner2 -->
