<?xml version="1.0" encoding="UTF-8"?>
<!-- Generated by org.testng.reporters.JUnitXMLReporter -->
<testsuite ignored="0" hostname="INBook_X1" failures="0" tests="6" name="testrunner1" time="3.662" errors="0" timestamp="2023-01-11T11:28:27 IST">
  <testcase classname="Practice3_Package.SampleTestforBatchExecTest3" name="test7" time="0.007"/>
  <testcase classname="Practice3_Package.SampleTestforBatchExecTest3" name="test8" time="0.001"/>
  <testcase classname="Practice3_Package.SampleTestforBatchExecTest3" name="test9" time="0.002"/>
  <testcase classname="Practice3_Package.SampleTestForBatchExecTest2" name="test4" time="0.002"/>
  <testcase classname="Practice3_Package.SampleTestForBatchExecTest2" name="test5" time="0.001"/>
  <testcase classname="Practice3_Package.SampleTestForBatchExecTest2" name="test6" time="0.001"/>
</testsuite> <!-- testrunner1 -->
