<?xml version="1.0" encoding="UTF-8"?>
<!-- Generated by org.testng.reporters.JUnitXMLReporter -->
<testsuite ignored="0" hostname="INBook_X1" failures="2" tests="9" name="Test" time="7.096" errors="0" timestamp="2023-01-12T17:25:46 IST">
  <testcase classname="Practice3_Package.SampleTestforBatchExecTest3" name="test7" time="0.013"/>
  <testcase classname="Practice3_Package.SampleTestforBatchExecTest3" name="test8" time="0.004">
    <failure type="java.lang.AssertionError" message="null">
      <![CDATA[java.lang.AssertionError: null
at Practice3_Package.SampleTestforBatchExecTest3.test8(SampleTestforBatchExecTest3.java:21)
at java.base/java.util.ArrayList.forEach(ArrayList.java:1511)
at java.base/java.util.concurrent.FutureTask.run(FutureTask.java:264)
at java.base/java.util.concurrent.ThreadPoolExecutor.runWorker(ThreadPoolExecutor.java:1136)
at java.base/java.util.concurrent.ThreadPoolExecutor$Worker.run(ThreadPoolExecutor.java:635)
at java.base/java.lang.Thread.run(Thread.java:833)
... Removed 20 stack frames]]>
    </failure>
  </testcase> <!-- test8 -->
  <testcase classname="Practice3_Package.SampleTestforBatchExecTest3" name="test9" time="0.002"/>
  <testcase classname="Practice3_Package.SampleTestForBatchExecTest2" name="test4" time="0.001"/>
  <testcase classname="Practice3_Package.SampleTestForBatchExecTest2" name="test5" time="0.002"/>
  <testcase classname="Practice3_Package.SampleTestForBatchExecTest2" name="test6" time="0.0"/>
  <testcase classname="Practice3_Package.SampleTestForBatchExecTest" name="test1" time="0.002"/>
  <testcase classname="Practice3_Package.SampleTestForBatchExecTest" name="test2" time="0.002">
    <failure type="java.lang.AssertionError" message="null">
      <![CDATA[java.lang.AssertionError: null
at Practice3_Package.SampleTestForBatchExecTest.test2(SampleTestForBatchExecTest.java:19)
at java.base/java.util.ArrayList.forEach(ArrayList.java:1511)
at java.base/java.util.concurrent.FutureTask.run(FutureTask.java:264)
at java.base/java.util.concurrent.ThreadPoolExecutor.runWorker(ThreadPoolExecutor.java:1136)
at java.base/java.util.concurrent.ThreadPoolExecutor$Worker.run(ThreadPoolExecutor.java:635)
at java.base/java.lang.Thread.run(Thread.java:833)
... Removed 20 stack frames]]>
    </failure>
  </testcase> <!-- test2 -->
  <testcase classname="Practice3_Package.SampleTestForBatchExecTest" name="test3" time="0.001"/>
</testsuite> <!-- Test -->
